<?xml version="1.0" encoding="UTF-8"?>
<!-- Generated by org.testng.reporters.JUnitReportReporter -->
<testsuite hostname="DESKTOP-U5EAOHR" failures="0" tests="3" name="com.tutorianinja.qa.testcases.search" time="20.595" errors="0" timestamp="2024-04-03T09:04:56 CEST" skipped="0">
  <testcase classname="com.tutorianinja.qa.testcases.search" name="verifyingsearchwithexistingprduct" time="6.330"/>
  <testcase classname="com.tutorianinja.qa.testcases.search" name="verifyingsearchwithanonexistingProductname" time="9.023"/>
  <testcase classname="com.tutorianinja.qa.testcases.search" name="verifysearchwithoutaproductnname" time="5.242"/>
</testsuite> <!-- com.tutorianinja.qa.testcases.search -->
